::1 - - [28/Jun/2023:03:01:31 +0000] "POST /api/v1/item HTTP/1.1" 404 151 "-" "PostmanRuntime/7.32.3"
::1 - - [28/Jun/2023:03:02:01 +0000] "POST /api/v1/item HTTP/1.1" 404 151 "-" "PostmanRuntime/7.32.3"
::1 - - [28/Jun/2023:03:02:22 +0000] "POST /api/v1/item HTTP/1.1" 200 40 "-" "PostmanRuntime/7.32.3"
::1 - - [28/Jun/2023:03:02:34 +0000] "POST /api/v1/item HTTP/1.1" 200 40 "-" "PostmanRuntime/7.32.3"
::1 - - [28/Jun/2023:03:03:14 +0000] "POST /api/v1/item HTTP/1.1" 200 40 "-" "PostmanRuntime/7.32.3"
::1 - - [28/Jun/2023:03:09:08 +0000] "POST /api/v1/item?itemType=4 HTTP/1.1" 200 40 "-" "PostmanRuntime/7.32.3"
::1 - - [28/Jun/2023:03:09:11 +0000] "POST /api/v1/item?itemType=4 HTTP/1.1" 200 40 "-" "PostmanRuntime/7.32.3"
::1 - - [28/Jun/2023:03:09:21 +0000] "GET /api/v1/item?itemType=4 HTTP/1.1" 404 150 "-" "PostmanRuntime/7.32.3"
::1 - - [28/Jun/2023:03:09:44 +0000] "GET /api/v1/item?itemType=4 HTTP/1.1" 404 150 "-" "PostmanRuntime/7.32.3"
::1 - - [28/Jun/2023:03:10:49 +0000] "GET /api/v1/item?itemType=4 HTTP/1.1" 200 1126 "-" "PostmanRuntime/7.32.3"
::1 - - [28/Jun/2023:03:51:38 +0000] "POST /api/v1/item?itemType=4 HTTP/1.1" 200 40 "-" "PostmanRuntime/7.32.3"
::1 - - [28/Jun/2023:03:52:02 +0000] "POST /api/v1/item?itemType=4 HTTP/1.1" 500 218 "-" "PostmanRuntime/7.32.3"
::1 - - [28/Jun/2023:03:52:09 +0000] "POST /api/v1/item?itemType=4 HTTP/1.1" 200 250 "-" "PostmanRuntime/7.32.3"
::1 - - [28/Jun/2023:03:52:31 +0000] "POST /api/v1/item?itemType=4 HTTP/1.1" 200 205 "-" "PostmanRuntime/7.32.3"
::1 - - [28/Jun/2023:04:20:38 +0000] "POST /api/v1/item?itemType=4 HTTP/1.1" 200 224 "-" "PostmanRuntime/7.32.3"
::1 - - [29/Jun/2023:06:21:04 +0000] "POST /api/v1/item?itemType=4 HTTP/1.1" 500 91 "-" "PostmanRuntime/7.32.3"
::1 - - [29/Jun/2023:06:21:14 +0000] "POST /api/v1/item?itemType=4 HTTP/1.1" 200 230 "-" "PostmanRuntime/7.32.3"
::1 - - [29/Jun/2023:06:21:18 +0000] "POST /api/v1/item?itemType=4 HTTP/1.1" 200 230 "-" "PostmanRuntime/7.32.3"
::1 - - [29/Jun/2023:06:21:19 +0000] "POST /api/v1/item?itemType=4 HTTP/1.1" 200 230 "-" "PostmanRuntime/7.32.3"
::1 - - [29/Jun/2023:06:25:16 +0000] "POST /api/v1/item?itemType=4 HTTP/1.1" 200 230 "-" "PostmanRuntime/7.32.3"
::1 - - [29/Jun/2023:06:25:30 +0000] "POST /api/v1/item?itemType=4 HTTP/1.1" 200 232 "-" "PostmanRuntime/7.32.3"
::1 - - [29/Jun/2023:06:25:34 +0000] "POST /api/v1/item?itemType=4 HTTP/1.1" 200 232 "-" "PostmanRuntime/7.32.3"
::1 - - [29/Jun/2023:06:26:34 +0000] "POST /api/v1/item?itemType=4 HTTP/1.1" 200 230 "-" "PostmanRuntime/7.32.3"
::1 - - [29/Jun/2023:06:26:47 +0000] "POST /api/v1/item?itemType=4 HTTP/1.1" 200 230 "-" "PostmanRuntime/7.32.3"
::1 - - [29/Jun/2023:06:28:39 +0000] "POST /api/v1/item?itemType=4 HTTP/1.1" 200 230 "-" "PostmanRuntime/7.32.3"
::1 - - [29/Jun/2023:06:28:40 +0000] "POST /api/v1/item?itemType=4 HTTP/1.1" 200 230 "-" "PostmanRuntime/7.32.3"
::1 - - [29/Jun/2023:06:28:42 +0000] "POST /api/v1/item?itemType=4 HTTP/1.1" 200 230 "-" "PostmanRuntime/7.32.3"
::1 - - [29/Jun/2023:06:33:15 +0000] "POST /api/v1/item?itemType=4 HTTP/1.1" 500 79 "-" "PostmanRuntime/7.32.3"
::1 - - [29/Jun/2023:06:33:28 +0000] "POST /api/v1/item?itemType=4 HTTP/1.1" 500 79 "-" "PostmanRuntime/7.32.3"
::1 - - [29/Jun/2023:06:33:37 +0000] "POST /api/v1/item?itemType=4 HTTP/1.1" 200 221 "-" "PostmanRuntime/7.32.3"
::1 - - [03/Jul/2023:04:02:57 +0000] "DELETE /api/v1/item?itemType=4&itemId=123 HTTP/1.1" - - "-" "PostmanRuntime/7.32.3"
::1 - - [03/Jul/2023:04:03:07 +0000] "DELETE /api/v1/item?itemType=4&itemId=123 HTTP/1.1" 200 62 "-" "PostmanRuntime/7.32.3"
::1 - - [03/Jul/2023:04:05:15 +0000] "POST /api/v1/item?itemType=4&itemId=123 HTTP/1.1" 200 230 "-" "PostmanRuntime/7.32.3"
::1 - - [03/Jul/2023:04:06:12 +0000] "DELETE /api/v1/item?itemType=4&itemId=123 HTTP/1.1" 200 62 "-" "PostmanRuntime/7.32.3"
::1 - - [03/Jul/2023:04:06:25 +0000] "GET /api/v1/item?itemType=4&itemId=123 HTTP/1.1" 200 26 "-" "PostmanRuntime/7.32.3"
::1 - - [03/Jul/2023:04:06:28 +0000] "GET /api/v1/item?itemType=4&itemId=123 HTTP/1.1" 200 26 "-" "PostmanRuntime/7.32.3"
::1 - - [03/Jul/2023:04:06:33 +0000] "GET /api/v1/item?itemType=4&itemId= HTTP/1.1" 200 223 "-" "PostmanRuntime/7.32.3"
::1 - - [03/Jul/2023:04:11:54 +0000] "POST /api/v1/item?itemType=4&itemId= HTTP/1.1" 200 230 "-" "PostmanRuntime/7.32.3"
::1 - - [03/Jul/2023:04:12:03 +0000] "POST /api/v1/item?itemType=4&itemId= HTTP/1.1" 500 110 "-" "PostmanRuntime/7.32.3"
::1 - - [03/Jul/2023:04:12:18 +0000] "POST /api/v1/item?itemType=4&itemId= HTTP/1.1" 200 230 "-" "PostmanRuntime/7.32.3"
::1 - - [03/Jul/2023:04:44:50 +0000] "DELETE /api/v1/item?itemType=4&itemId= HTTP/1.1" 200 62 "-" "PostmanRuntime/7.32.3"
::1 - - [03/Jul/2023:05:07:45 +0000] "DELETE /api/v1/item?itemType=4&itemId= HTTP/1.1" 500 47 "-" "PostmanRuntime/7.32.3"
::1 - - [03/Jul/2023:05:07:55 +0000] "POST /api/v1/item?itemType=4&itemId= HTTP/1.1" 500 110 "-" "PostmanRuntime/7.32.3"
::1 - - [03/Jul/2023:05:08:01 +0000] "POST /api/v1/item?itemType=4&itemId= HTTP/1.1" 200 230 "-" "PostmanRuntime/7.32.3"
::1 - - [03/Jul/2023:05:08:07 +0000] "DELETE /api/v1/item?itemType=4&itemId=124 HTTP/1.1" 500 47 "-" "PostmanRuntime/7.32.3"
::1 - - [03/Jul/2023:05:08:21 +0000] "DELETE /api/v1/item?itemType=4&itemId=124 HTTP/1.1" 500 47 "-" "PostmanRuntime/7.32.3"
::1 - - [03/Jul/2023:05:08:51 +0000] "DELETE /api/v1/item?itemType=4&itemId=124 HTTP/1.1" 200 232 "-" "PostmanRuntime/7.32.3"
::1 - - [03/Jul/2023:05:09:11 +0000] "DELETE /api/v1/item?itemType=4&itemId=124 HTTP/1.1" 200 232 "-" "PostmanRuntime/7.32.3"
::1 - - [03/Jul/2023:05:09:26 +0000] "DELETE /api/v1/item?itemType=4&itemId=124 HTTP/1.1" 200 232 "-" "PostmanRuntime/7.32.3"
::1 - - [03/Jul/2023:05:09:58 +0000] "DELETE /api/v1/item?itemType=4&itemId=124 HTTP/1.1" 200 232 "-" "PostmanRuntime/7.32.3"
::1 - - [03/Jul/2023:07:13:35 +0000] "DELETE /api/v1/item?itemType=4&itemId=124 HTTP/1.1" 200 232 "-" "PostmanRuntime/7.32.3"
::1 - - [03/Jul/2023:08:12:19 +0000] "PUT /api/v1/item/64a24aa060f9a98020e7894a?itemType=4 HTTP/1.1" 200 70 "-" "PostmanRuntime/7.32.3"
::1 - - [03/Jul/2023:08:12:33 +0000] "PUT /api/v1/item/64a24aa060f9a98020e7894a?itemType=4 HTTP/1.1" 200 232 "-" "PostmanRuntime/7.32.3"
::1 - - [03/Jul/2023:08:12:38 +0000] "PUT /api/v1/item/64a24aa060f9a98020e7894a?itemType=4 HTTP/1.1" 200 232 "-" "PostmanRuntime/7.32.3"
